<?xml version="1.0" encoding="UTF-8"?>
<coverage generated="1586026809975" clover="3.2.0">
  <project timestamp="1586026809975" name="All files">
    <metrics statements="32" coveredstatements="9" conditionals="0" coveredconditionals="0" methods="7" coveredmethods="1" elements="39" coveredelements="10" complexity="0" loc="32" ncloc="32" packages="1" files="1" classes="1"/>
    <file name="main.js" path="/Users/selfal/Yandex.Disk.localized/Учеба/8 Семесть/Алпатов/Лабораторные/Отчеты/Лабораторная работа №5 + 6/src/main.js">
      <metrics statements="32" coveredstatements="9" conditionals="0" coveredconditionals="0" methods="7" coveredmethods="1"/>
      <line num="1" count="1" type="stmt"/>
      <line num="2" count="1" type="stmt"/>
      <line num="3" count="1" type="stmt"/>
      <line num="9" count="0" type="stmt"/>
      <line num="10" count="0" type="stmt"/>
      <line num="11" count="0" type="stmt"/>
      <line num="12" count="0" type="stmt"/>
      <line num="13" count="0" type="stmt"/>
      <line num="14" count="0" type="stmt"/>
      <line num="15" count="0" type="stmt"/>
      <line num="20" count="0" type="stmt"/>
      <line num="26" count="0" type="stmt"/>
      <line num="27" count="0" type="stmt"/>
      <line num="28" count="0" type="stmt"/>
      <line num="29" count="0" type="stmt"/>
      <line num="30" count="0" type="stmt"/>
      <line num="35" count="0" type="stmt"/>
      <line num="36" count="0" type="stmt"/>
      <line num="37" count="0" type="stmt"/>
      <line num="38" count="0" type="stmt"/>
      <line num="39" count="0" type="stmt"/>
      <line num="45" count="0" type="stmt"/>
      <line num="46" count="0" type="stmt"/>
      <line num="51" count="1" type="stmt"/>
      <line num="53" count="1" type="stmt"/>
      <line num="58" count="1" type="stmt"/>
      <line num="61" count="0" type="stmt"/>
      <line num="65" count="0" type="stmt"/>
      <line num="66" count="0" type="stmt"/>
      <line num="69" count="1" type="stmt"/>
      <line num="72" count="1" type="stmt"/>
      <line num="74" count="1" type="stmt"/>
    </file>
  </project>
</coverage>
